<?xml version="1.0" encoding="UTF-8"?>
<coverage generated="1644448424326" clover="3.2.0">
  <project timestamp="1644448424326" name="All files">
    <metrics statements="10" coveredstatements="9" conditionals="0" coveredconditionals="0" methods="4" coveredmethods="3" elements="14" coveredelements="12" complexity="0" loc="10" ncloc="10" packages="1" files="3" classes="3"/>
    <file name="cloneArray.js" path="/Users/phoebe/Desktop/myPractice/practice220208_unitTest-jest/js/cloneArray.js">
      <metrics statements="2" coveredstatements="2" conditionals="0" coveredconditionals="0" methods="1" coveredmethods="1"/>
      <line num="2" count="3" type="stmt"/>
      <line num="5" count="1" type="stmt"/>
    </file>
    <file name="subtract.js" path="/Users/phoebe/Desktop/myPractice/practice220208_unitTest-jest/js/subtract.js">
      <metrics statements="5" coveredstatements="4" conditionals="0" coveredconditionals="0" methods="2" coveredmethods="1"/>
      <line num="1" count="1" type="stmt"/>
      <line num="3" count="1" type="stmt"/>
      <line num="6" count="1" type="stmt"/>
      <line num="8" count="0" type="stmt"/>
      <line num="11" count="1" type="stmt"/>
    </file>
    <file name="sum.js" path="/Users/phoebe/Desktop/myPractice/practice220208_unitTest-jest/js/sum.js">
      <metrics statements="3" coveredstatements="3" conditionals="0" coveredconditionals="0" methods="1" coveredmethods="1"/>
      <line num="1" count="1" type="stmt"/>
      <line num="2" count="2" type="stmt"/>
      <line num="5" count="1" type="stmt"/>
    </file>
  </project>
</coverage>
